#
# There is insufficient memory for the Java Runtime Environment to continue.
# Native memory allocation (malloc) failed to allocate 1048576 bytes. Error detail: AllocateHeap
# Possible reasons:
#   The system is out of physical RAM or swap space
#   This process is running with CompressedOops enabled, and the Java Heap may be blocking the growth of the native heap
# Possible solutions:
#   Reduce memory load on the system
#   Increase physical memory or swap space
#   Check if swap backing store is full
#   Decrease Java heap size (-Xmx/-Xms)
#   Decrease number of Java threads
#   Decrease Java thread stack sizes (-Xss)
#   Set larger code cache with -XX:ReservedCodeCacheSize=
#   JVM is running with Zero Based Compressed Oops mode in which the Java heap is
#     placed in the first 32GB address space. The Java Heap base address is the
#     maximum limit for the native heap growth. Please use -XX:HeapBaseMinAddress
#     to set the Java Heap base and to place the Java Heap above 32GB virtual address.
# This output file may be truncated or incomplete.
#
#  Out of Memory Error (allocation.cpp:42), pid=286800, tid=287124
#
# JRE version:  (25.0.1+8) (build )
# Java VM: Java HotSpot(TM) 64-Bit Server VM (25.0.1+8-LTS-27, mixed mode, sharing, tiered, compressed oops, compressed class ptrs, g1 gc, windows-amd64)
# No core dump will be written. Minidumps are not enabled by default on client versions of Windows
#

---------------  S U M M A R Y ------------

Command Line: -Dnet.bytebuddy.agent.attacher.dump= net.bytebuddy.agent.Attacher com.sun.tools.attach.VirtualMachine 282244 C:\Users\PC\.m2\repository\net\bytebuddy\byte-buddy-agent\1.17.7\byte-buddy-agent-1.17.7.jar false 

Host: AMD Ryzen 5 7535HS with Radeon Graphics        , 12 cores, 15G,  Windows 11 , 64 bit Build 26100 (10.0.26100.7019)
Time: Mon Dec  1 00:44:16 2025 Paris, Madrid elapsed time: 2.040110 seconds (0d 0h 0m 2s)

---------------  T H R E A D  ---------------

Current thread (0x00000230910c6a20):  JavaThread "Unknown thread" [_thread_in_vm, id=287124, stack(0x0000007d14100000,0x0000007d14200000) (1024K)]

Stack: [0x0000007d14100000,0x0000007d14200000]
Native frames: (J=compiled Java code, j=interpreted, Vv=VM code, C=native code)
V  [jvm.dll+0x7a6b59]  (no source info available)
V  [jvm.dll+0x77290d]  (no source info available)
V  [jvm.dll+0x966153]  (no source info available)
V  [jvm.dll+0x968751]  (no source info available)
V  [jvm.dll+0x968e53]  (no source info available)
V  [jvm.dll+0x2fc756]  (no source info available)
V  [jvm.dll+0xf7487]  (no source info available)
V  [jvm.dll+0x3ca464]  (no source info available)
V  [jvm.dll+0x3c0ca2]  (no source info available)
V  [jvm.dll+0x92c837]  (no source info available)
V  [jvm.dll+0x458bc2]  (no source info available)
V  [jvm.dll+0x9101e2]  (no source info available)
V  [jvm.dll+0x4f9061]  (no source info available)
V  [jvm.dll+0x4fa8f1]  (no source info available)
C  [jli.dll+0x543e]  (no source info available)
C  [ucrtbase.dll+0x37b0]  (no source info available)
C  [KERNEL32.DLL+0x2e8d7]  (no source info available)
C  [ntdll.dll+0x8c53c]  (no source info available)

Lock stack of current Java thread (top to bottom):


---------------  P R O C E S S  ---------------

Threads class SMR info:
_java_thread_list=0x00007ffe0aa35308, length=0, elements={
}

Java Threads: ( => current thread )
Total: 0

Other Threads:
  0x0000023093504a30 WorkerThread "GC Thread#0"                     [id=281824, stack(0x0000007d14200000,0x0000007d14300000) (1024K)]

[error occurred during error reporting (printing all threads), id 0xc0000005, EXCEPTION_ACCESS_VIOLATION (0xc0000005) at pc=0x00007ffe0a10faa0]
VM state: not at safepoint (not fully initialized)

VM Mutex/Monitor currently owned by a thread:  ([mutex/lock_event])
[0x00007ffe0aab9668] Heap_lock - owner thread: 0x00000230910c6a20

Heap address: 0x000000070b000000, size: 3920 MB, Compressed Oops mode: Zero based, Oop shift amount: 3

CDS archive(s) mapped at: [0x0000000000000000-0x0000000000000000-0x0000000000000000), size 0, SharedBaseAddress: 0x0000000800000000, ArchiveRelocationMode: 1.
UseCompressedClassPointers 1, UseCompactObjectHeaders 0
Narrow klass pointer bits 32, Max shift 3
Narrow klass base: 0xffffffffffffffff, Narrow klass shift: -1
Encoding Range: [0xffffffffffffffff - 0x000000007fffffff), (2147483648 bytes)
Klass Range:    [0x0000000000000000 - 0x0000000000000000), (0 bytes)
Klass ID Range:  [4294967295 - 0) (1)
No protection zone.

GC Precious Log:
 CardTable entry size: 512
 Card Set container configuration: InlinePtr #cards 4 size 8 Array Of Cards #cards 16 size 48 Howl #buckets 8 coarsen threshold 3686 Howl Bitmap #cards 512 size 80 coarsen threshold 460 Card regions per heap region 1 cards per card region 4096

Heap:
 garbage-first heap   total reserved 4014080K, committed 0K, used 0K [0x000000070b000000, 0x0000000800000000)
  region size 2048K, 0 young (0K), 0 survivors (0K)

Heap Regions: E=young(eden), S=young(survivor), O=old, HS=humongous(starts), HC=humongous(continues), CS=collection set, F=free, TAMS=top-at-mark-start, PB=parsable bottom

Card table byte_map: [0x00000230aba20000,0x00000230ac1d0000] _byte_map_base: 0x00000230a81c8000

GC Heap Usage History (0 events):
No events

Metaspace Usage History (0 events):
No events

Dll operation events (1 events):
Event: 0.009 Loaded shared library C:\Program Files\Java\jdk-25\bin\java.dll

Deoptimization events (0 events):
No events

Classes loaded (0 events):
No events

Classes unloaded (0 events):
No events

Classes redefined (0 events):
No events

Internal exceptions (0 events):
No events

VM Operations (0 events):
No events

Memory protections (0 events):
No events

Nmethod flushes (0 events):
No events

Events (0 events):
No events


Dynamic libraries:
0x00007ff689fe0000 - 0x00007ff689ff0000 	C:\Program Files\Java\jdk-25\bin\java.exe
0x00007ffefb600000 - 0x00007ffefb868000 	C:\WINDOWS\SYSTEM32\ntdll.dll
0x00007ffefa6d0000 - 0x00007ffefa799000 	C:\WINDOWS\System32\KERNEL32.DLL
0x00007ffef8d00000 - 0x00007ffef90f8000 	C:\WINDOWS\System32\KERNELBASE.dll
0x00007ffef8bb0000 - 0x00007ffef8cfb000 	C:\WINDOWS\System32\ucrtbase.dll
0x00007ffed7630000 - 0x00007ffed764e000 	C:\Program Files\Java\jdk-25\bin\VCRUNTIME140.dll
0x00007ffed7e00000 - 0x00007ffed7e17000 	C:\Program Files\Java\jdk-25\bin\jli.dll
0x00007ffefa150000 - 0x00007ffefa317000 	C:\WINDOWS\System32\USER32.dll
0x00007ffee3510000 - 0x00007ffee37a4000 	C:\WINDOWS\WinSxS\amd64_microsoft.windows.common-controls_6595b64144ccf1df_6.0.26100.7019_none_3e06ffa0e335b8a8\COMCTL32.dll
0x00007ffef92e0000 - 0x00007ffef9307000 	C:\WINDOWS\System32\win32u.dll
0x00007ffef97f0000 - 0x00007ffef9899000 	C:\WINDOWS\System32\msvcrt.dll
0x00007ffef97a0000 - 0x00007ffef97cb000 	C:\WINDOWS\System32\GDI32.dll
0x00007ffef91b0000 - 0x00007ffef92dc000 	C:\WINDOWS\System32\gdi32full.dll
0x00007ffef9100000 - 0x00007ffef91a3000 	C:\WINDOWS\System32\msvcp_win.dll
0x00007ffefa880000 - 0x00007ffefa8b1000 	C:\WINDOWS\System32\IMM32.DLL
0x00007ffee0770000 - 0x00007ffee077c000 	C:\Program Files\Java\jdk-25\bin\vcruntime140_1.dll
0x00007ffe889f0000 - 0x00007ffe88a7d000 	C:\Program Files\Java\jdk-25\bin\msvcp140.dll
0x00007ffe09d40000 - 0x00007ffe0ab9f000 	C:\Program Files\Java\jdk-25\bin\server\jvm.dll
0x00007ffefb3c0000 - 0x00007ffefb474000 	C:\WINDOWS\System32\ADVAPI32.dll
0x00007ffefac50000 - 0x00007ffefacf6000 	C:\WINDOWS\System32\sechost.dll
0x00007ffefb2a0000 - 0x00007ffefb3b8000 	C:\WINDOWS\System32\RPCRT4.dll
0x00007ffef9580000 - 0x00007ffef95f4000 	C:\WINDOWS\System32\WS2_32.dll
0x00007ffeeb8b0000 - 0x00007ffeeb8bb000 	C:\WINDOWS\SYSTEM32\VERSION.dll
0x00007ffef85b0000 - 0x00007ffef860e000 	C:\WINDOWS\SYSTEM32\POWRPROF.dll
0x00007ffeeb830000 - 0x00007ffeeb865000 	C:\WINDOWS\SYSTEM32\WINMM.dll
0x00007ffef8590000 - 0x00007ffef85a4000 	C:\WINDOWS\SYSTEM32\UMPDC.dll
0x00007ffef7510000 - 0x00007ffef752b000 	C:\WINDOWS\SYSTEM32\kernel.appcore.dll
0x00007ffee7890000 - 0x00007ffee789a000 	C:\Program Files\Java\jdk-25\bin\jimage.dll
0x00007ffeeab00000 - 0x00007ffeead42000 	C:\WINDOWS\SYSTEM32\DBGHELP.DLL
0x00007ffefa340000 - 0x00007ffefa6cb000 	C:\WINDOWS\System32\combase.dll
0x00007ffefaa60000 - 0x00007ffefab37000 	C:\WINDOWS\System32\OLEAUT32.dll
0x00007ffed7b70000 - 0x00007ffed7bac000 	C:\WINDOWS\SYSTEM32\dbgcore.DLL
0x00007ffef8750000 - 0x00007ffef87f5000 	C:\WINDOWS\System32\bcryptPrimitives.dll
0x00007ffed5210000 - 0x00007ffed522f000 	C:\Program Files\Java\jdk-25\bin\java.dll
0x00007ffefa8c0000 - 0x00007ffefaa57000 	C:\WINDOWS\System32\ole32.dll
0x00007ffef99f0000 - 0x00007ffefa13f000 	C:\WINDOWS\System32\SHELL32.dll
0x00007ffef88c0000 - 0x00007ffef8a2b000 	C:\WINDOWS\System32\wintypes.dll

JVMTI agents: none

dbghelp: loaded successfully - version: 4.0.5 - missing functions: none
symbol engine: initialized successfully - sym options: 0x614 - pdb path: .;C:\Program Files\Java\jdk-25\bin;C:\WINDOWS\SYSTEM32;C:\WINDOWS\WinSxS\amd64_microsoft.windows.common-controls_6595b64144ccf1df_6.0.26100.7019_none_3e06ffa0e335b8a8;C:\Program Files\Java\jdk-25\bin\server

VM Arguments:
jvm_args: -Dnet.bytebuddy.agent.attacher.dump= 
java_command: net.bytebuddy.agent.Attacher com.sun.tools.attach.VirtualMachine 282244 C:\Users\PC\.m2\repository\net\bytebuddy\byte-buddy-agent\1.17.7\byte-buddy-agent-1.17.7.jar false 
java_class_path (initial): C:\Users\PC\.m2\repository\net\bytebuddy\byte-buddy-agent\1.17.7\byte-buddy-agent-1.17.7.jar
Launcher Type: SUN_STANDARD

[Global flags]
     intx CICompilerCount                          = 4                                         {product} {ergonomic}
     uint ConcGCThreads                            = 3                                         {product} {ergonomic}
     uint G1ConcRefinementThreads                  = 10                                        {product} {ergonomic}
   size_t G1HeapRegionSize                         = 2097152                                   {product} {ergonomic}
   size_t InitialHeapSize                          = 257949696                                 {product} {ergonomic}
   size_t MarkStackSize                            = 4194304                                   {product} {ergonomic}
   size_t MarkStackSizeMax                         = 536870912                                 {product} {ergonomic}
   size_t MaxHeapSize                              = 4110417920                                {product} {ergonomic}
   size_t MinHeapDeltaBytes                        = 2097152                                   {product} {ergonomic}
   size_t MinHeapSize                              = 8388608                                   {product} {ergonomic}
    uintx NonNMethodCodeHeapSize                   = 5832704                                {pd product} {ergonomic}
    uintx NonProfiledCodeHeapSize                  = 122945536                              {pd product} {ergonomic}
    uintx ProfiledCodeHeapSize                     = 122880000                              {pd product} {ergonomic}
    uintx ReservedCodeCacheSize                    = 251658240                              {pd product} {ergonomic}
     bool SegmentedCodeCache                       = true                                      {product} {ergonomic}
   size_t SoftMaxHeapSize                          = 4110417920                             {manageable} {ergonomic}
     bool UseCompressedOops                        = true                           {product lp64_product} {ergonomic}
     bool UseG1GC                                  = true                                      {product} {ergonomic}
     bool UseLargePagesIndividualAllocation        = false                                  {pd product} {ergonomic}

Logging:
Log output configuration:
 #0: stdout all=warning uptime,level,tags foldmultilines=false
 #1: stderr all=off uptime,level,tags foldmultilines=false

Release file:
<release file has not been read>
Environment Variables:
PATH=C:\Program Files\Common Files\Oracle\Java\javapath;C:\Program Files (x86)\Common Files\Oracle\Java\java8path;C:\Program Files (x86)\Common Files\Oracle\Java\javapath;C:\WINDOWS\system32;C:\WINDOWS;C:\WINDOWS\System32\Wbem;C:\WINDOWS\System32\WindowsPowerShell\v1.0\;C:\WINDOWS\System32\OpenSSH\;C:\Program Files\NVIDIA Corporation\NVIDIA App\NvDLISR;C:\Program Files\Git\cmd;C:\Program Files\nodejs\;C:\Qualite\apache-maven\apache-maven-3.9.11\bin;C:\Users\PC\AppData\Local\Programs\Python\Python313\Scripts\;C:\Users\PC\AppData\Local\Programs\Python\Python313\;C:\Users\PC\AppData\Local\Programs\Python\Launcher\;C:\Users\PC\AppData\Local\Microsoft\WindowsApps;C:\Users\PC\AppData\Local\Programs\Microsoft VS Code\bin;C:\Users\PC\AppData\Roaming\npm
USERNAME=PC
OS=Windows_NT
PROCESSOR_IDENTIFIER=AMD64 Family 25 Model 68 Stepping 1, AuthenticAMD
TMP=C:\Users\PC\AppData\Local\Temp
TEMP=C:\Users\PC\AppData\Local\Temp




Compilation memory statistics disabled.

Periodic native trim disabled

---------------  S Y S T E M  ---------------

OS:
 Windows 11 , 64 bit Build 26100 (10.0.26100.7019)
OS uptime: 7 days 10:48 hours
Hyper-V role detected

CPU: total 12 (initial active 12) (12 cores per cpu, 2 threads per core) family 25 model 68 stepping 1 microcode 0xa404105, cx8, cmov, fxsr, ht, mmx, 3dnowpref, sse, sse2, sse3, ssse3, sse4a, sse4.1, sse4.2, popcnt, lzcnt, tsc, tscinvbit, avx, avx2, aes, erms, clmul, bmi1, bmi2, adx, sha, fma, vzeroupper, clflush, clflushopt, clwb, hv, rdtscp, rdpid, fsrm, f16c, cet_ss
Processor Information for processor 0
  Max Mhz: 3301, Current Mhz: 2635, Mhz Limit: 3301
Processor Information for processor 1
  Max Mhz: 3301, Current Mhz: 2635, Mhz Limit: 3301
Processor Information for processor 2
  Max Mhz: 3301, Current Mhz: 3301, Mhz Limit: 3301
Processor Information for processor 3
  Max Mhz: 3301, Current Mhz: 2635, Mhz Limit: 3301
Processor Information for processor 4
  Max Mhz: 3301, Current Mhz: 2635, Mhz Limit: 3301
Processor Information for processor 5
  Max Mhz: 3301, Current Mhz: 2635, Mhz Limit: 3301
Processor Information for processor 6
  Max Mhz: 3301, Current Mhz: 3301, Mhz Limit: 3301
Processor Information for processor 7
  Max Mhz: 3301, Current Mhz: 2635, Mhz Limit: 3301
Processor Information for processor 8
  Max Mhz: 3301, Current Mhz: 2635, Mhz Limit: 3301
Processor Information for processor 9
  Max Mhz: 3301, Current Mhz: 2635, Mhz Limit: 3301
Processor Information for processor 10
  Max Mhz: 3301, Current Mhz: 2635, Mhz Limit: 3301
Processor Information for processor 11
  Max Mhz: 3301, Current Mhz: 2635, Mhz Limit: 3301

Memory: 4k page, system-wide physical 15676M (349M free)
TotalPageFile size 62780M (AvailPageFile size 27M)
current process WorkingSet (physical memory assigned to process): 13M, peak: 13M
current process commit charge ("private bytes"): 58M, peak: 59M

vm_info: Java HotSpot(TM) 64-Bit Server VM (25.0.1+8-LTS-27) for windows-amd64 JRE (25.0.1+8-LTS-27), built on 2025-09-25T16:41:16Z with unknown MS VC++:1943

END.
